This is pdfTeX, Version 3.141592-1.40.4 (MiKTeX 2.7) (preloaded format=pdflatex 2008.6.5)  12 AUG 2008 11:22
entering extended mode
**C:/Dev-Cpp/geocam/Report/Report2.tex
(C:/Dev-Cpp/geocam/Report/Report2.tex
LaTeX2e <2005/12/01>
Babel <v3.8h> and hyphenation patterns for english, dumylang, nohyphenation, ge
rman, ngerman, french, loaded.
("C:\Program Files\MiKTeX 2.7\tex\latex\base\article.cls"
Document Class: article 2005/09/16 v1.4f Standard LaTeX document class
("C:\Program Files\MiKTeX 2.7\tex\latex\base\size12.clo"
File: size12.clo 2005/09/16 v1.4f Standard LaTeX file (size option)
)
\c@part=\count79
\c@section=\count80
\c@subsection=\count81
\c@subsubsection=\count82
\c@paragraph=\count83
\c@subparagraph=\count84
\c@figure=\count85
\c@table=\count86
\abovecaptionskip=\skip41
\belowcaptionskip=\skip42
\bibindent=\dimen102
)
("C:\Program Files\MiKTeX 2.7\tex\latex\graphics\graphicx.sty"
Package: graphicx 1999/02/16 v1.0f Enhanced LaTeX Graphics (DPC,SPQR)

("C:\Program Files\MiKTeX 2.7\tex\latex\graphics\keyval.sty"
Package: keyval 1999/03/16 v1.13 key=value parser (DPC)
\KV@toks@=\toks14
)
("C:\Program Files\MiKTeX 2.7\tex\latex\graphics\graphics.sty"
Package: graphics 2006/02/20 v1.0o Standard LaTeX Graphics (DPC,SPQR)

("C:\Program Files\MiKTeX 2.7\tex\latex\graphics\trig.sty"
Package: trig 1999/03/16 v1.09 sin cos tan (DPC)
)
("C:\Program Files\MiKTeX 2.7\tex\latex\00miktex\graphics.cfg"
File: graphics.cfg 2007/01/18 v1.5 graphics configuration of teTeX/TeXLive
)
Package graphics Info: Driver file: pdftex.def on input line 90.

("C:\Program Files\MiKTeX 2.7\tex\latex\graphics\pdftex.def"
File: pdftex.def 2007/06/12 v0.04h Graphics/color for pdfTeX
\Gread@gobject=\count87
))
\Gin@req@height=\dimen103
\Gin@req@width=\dimen104
)
("C:\Program Files\MiKTeX 2.7\tex\latex\tools\multicol.sty"
Package: multicol 2006/05/18 v1.6g multicolumn formatting (FMi)
\c@tracingmulticols=\count88
\mult@box=\box26
\multicol@leftmargin=\dimen105
\c@unbalance=\count89
\c@collectmore=\count90
\doublecol@number=\count91
\multicoltolerance=\count92
\multicolpretolerance=\count93
\full@width=\dimen106
\page@free=\dimen107
\premulticols=\dimen108
\postmulticols=\dimen109
\multicolsep=\skip43
\multicolbaselineskip=\skip44
\partial@page=\box27
\last@line=\box28
\mult@rightbox=\box29
\mult@grightbox=\box30
\mult@gfirstbox=\box31
\mult@firstbox=\box32
\@tempa=\box33
\@tempa=\box34
\@tempa=\box35
\@tempa=\box36
\@tempa=\box37
\@tempa=\box38
\@tempa=\box39
\@tempa=\box40
\@tempa=\box41
\@tempa=\box42
\@tempa=\box43
\@tempa=\box44
\@tempa=\box45
\@tempa=\box46
\@tempa=\box47
\@tempa=\box48
\@tempa=\box49
\c@columnbadness=\count94
\c@finalcolumnbadness=\count95
\last@try=\dimen110
\multicolovershoot=\dimen111
\multicolundershoot=\dimen112
\mult@nat@firstbox=\box50
\colbreak@box=\box51
) (Report2.aux)
LaTeX Font Info:    Checking defaults for OML/cmm/m/it on input line 13.
LaTeX Font Info:    ... okay on input line 13.
LaTeX Font Info:    Checking defaults for T1/cmr/m/n on input line 13.
LaTeX Font Info:    ... okay on input line 13.
LaTeX Font Info:    Checking defaults for OT1/cmr/m/n on input line 13.
LaTeX Font Info:    ... okay on input line 13.
LaTeX Font Info:    Checking defaults for OMS/cmsy/m/n on input line 13.
LaTeX Font Info:    ... okay on input line 13.
LaTeX Font Info:    Checking defaults for OMX/cmex/m/n on input line 13.
LaTeX Font Info:    ... okay on input line 13.
LaTeX Font Info:    Checking defaults for U/cmr/m/n on input line 13.
LaTeX Font Info:    ... okay on input line 13.

("C:\Program Files\MiKTeX 2.7\tex\context\base\supp-pdf.tex"
[Loading MPS to PDF converter (version 2006.09.02).]
\scratchcounter=\count96
\scratchdimen=\dimen113
\scratchbox=\box52
\nofMPsegments=\count97
\nofMParguments=\count98
\MPscratchCnt=\count99
\MPscratchDim=\dimen114
\MPnumerator=\count100
\everyMPtoPDFconversion=\toks15
)
LaTeX Font Info:    External font `cmex10' loaded for size
(Font)              <14.4> on input line 15.
LaTeX Font Info:    External font `cmex10' loaded for size
(Font)              <7> on input line 15.
 [1

{C:/Documents and Settings/All Users/Application Data/MiKTeX/2.7/pdftex/config/
pdftex.map}] (Report2.toc)
\tf@toc=\write3
 [2]
Underfull \hbox (badness 10000) in paragraph at lines 26--27

 []

LaTeX Font Info:    External font `cmex10' loaded for size
(Font)              <12> on input line 28.
LaTeX Font Info:    External font `cmex10' loaded for size
(Font)              <8> on input line 28.
LaTeX Font Info:    External font `cmex10' loaded for size
(Font)              <6> on input line 28.

Underfull \hbox (badness 10000) in paragraph at lines 36--37

 []

[3] <Pictures/flattetrahedron.png, id=16, 418.66759pt x 314.00069pt>
File: Pictures/flattetrahedron.png Graphic file (type png)

<use Pictures/flattetrahedron.png>
<Pictures/tetrahedron.jpg, id=17, 674.52pt x 505.89pt>
File: Pictures/tetrahedron.jpg Graphic file (type jpg)

<use Pictures/tetrahedron.jpg>
Overfull \hbox (24.30193pt too wide) in paragraph at lines 40--42
[][] [] 
 []


Underfull \hbox (badness 10000) in paragraph at lines 48--49

 []


LaTeX Warning: Citation `Dave' on page 4 undefined on input line 50.


Underfull \hbox (badness 10000) in paragraph at lines 50--51

 []


Underfull \hbox (badness 10000) in paragraph at lines 52--53

 []

[4 <Pictures/flattetrahedron.png (PNG copy)> <Pictures/tetrahedron.jpg>]
Underfull \hbox (badness 10000) in paragraph at lines 54--55

 []

[5]

LaTeX Warning: Reference `HypSphere' on page 6 undefined on input line 75.


LaTeX Warning: Citation `chowluo' on page 6 undefined on input line 75.


Underfull \hbox (badness 10000) in paragraph at lines 75--76

 []


LaTeX Warning: Reference `circExt' on page 6 undefined on input line 77.

<Pictures/righttriangulation.jpg, id=28, 674.52pt x 505.89pt>
File: Pictures/righttriangulation.jpg Graphic file (type jpg)

<use Pictures/righttriangulation.jpg>
<Pictures/badcase2.png, id=29, 418.66759pt x 314.00069pt>
File: Pictures/badcase2.png Graphic file (type png)

<use Pictures/badcase2.png>
Overfull \hbox (24.30193pt too wide) in paragraph at lines 81--83
[][] [] 
 []


Underfull \hbox (badness 10000) in paragraph at lines 90--91

 []

[6]
Underfull \hbox (badness 10000) in paragraph at lines 92--93

 []

[7 <Pictures/righttriangulation.jpg> <Pictures/badcase2.png (PNG copy)>]

LaTeX Warning: Citation `Dave' on page 8 undefined on input line 94.


LaTeX Warning: Reference `DT' on page 8 undefined on input line 94.

<Pictures/dual.png, id=37, 418.66759pt x 314.00069pt>
File: Pictures/dual.png Graphic file (type png)
 <use Pictures/dual.png>

LaTeX Warning: Citation `RicciBkgd' on page 8 undefined on input line 106.


LaTeX Warning: Citation `RicciBkgd' on page 8 undefined on input line 106.

[8 <Pictures/dual.png (PNG copy)>]

LaTeX Warning: Citation `chowluo' on page 9 undefined on input line 111.


Underfull \hbox (badness 10000) in paragraph at lines 130--131

 []

[9] [10]

LaTeX Warning: Citation `chowluo' on page 11 undefined on input line 167.


LaTeX Warning: Citation `chowluo' on page 11 undefined on input line 180.


Underfull \hbox (badness 10000) in paragraph at lines 184--185

 []

[11]
Underfull \hbox (badness 10000) in paragraph at lines 186--187

 []


Underfull \hbox (badness 10000) in paragraph at lines 188--189

 []


LaTeX Warning: Reference `triUML' on page 12 undefined on input line 204.


Underfull \hbox (badness 10000) in paragraph at lines 204--205

 []

[12]

LaTeX Warning: File `triangulationUML.png' not found on input line 208.


!pdfTeX error:  (file triangulationUML.png): cannot find image file
 ==> Fatal error occurred, no output PDF file produced!
