<<<<<<< .mine
This is pdfTeX, Version 3.141592-1.40.4 (MiKTeX 2.6) (preloaded format=pdflatex 2008.6.12)  12 AUG 2008 10:48
=======
This is pdfTeX, Version 3.141592-1.40.4 (MiKTeX 2.7) (preloaded format=pdflatex 2008.6.5)  12 AUG 2008 11:22
>>>>>>> .r479
entering extended mode
**C:/Dev-Cpp/geocam/Report/Report2.tex
(C:/Dev-Cpp/geocam/Report/Report2.tex
LaTeX2e <2005/12/01>
Babel <v3.8h> and hyphenation patterns for english, dumylang, nohyphenation, ge
rman, ngerman, french, loaded.
("C:\Program Files\MiKTeX 2.7\tex\latex\base\article.cls"
Document Class: article 2005/09/16 v1.4f Standard LaTeX document class
("C:\Program Files\MiKTeX 2.7\tex\latex\base\size12.clo"
File: size12.clo 2005/09/16 v1.4f Standard LaTeX file (size option)
)
\c@part=\count79
\c@section=\count80
\c@subsection=\count81
\c@subsubsection=\count82
\c@paragraph=\count83
\c@subparagraph=\count84
\c@figure=\count85
\c@table=\count86
\abovecaptionskip=\skip41
\belowcaptionskip=\skip42
\bibindent=\dimen102
)
("C:\Program Files\MiKTeX 2.7\tex\latex\graphics\graphicx.sty"
Package: graphicx 1999/02/16 v1.0f Enhanced LaTeX Graphics (DPC,SPQR)

("C:\Program Files\MiKTeX 2.7\tex\latex\graphics\keyval.sty"
Package: keyval 1999/03/16 v1.13 key=value parser (DPC)
\KV@toks@=\toks14
)
("C:\Program Files\MiKTeX 2.7\tex\latex\graphics\graphics.sty"
Package: graphics 2006/02/20 v1.0o Standard LaTeX Graphics (DPC,SPQR)

("C:\Program Files\MiKTeX 2.7\tex\latex\graphics\trig.sty"
Package: trig 1999/03/16 v1.09 sin cos tan (DPC)
)
("C:\Program Files\MiKTeX 2.7\tex\latex\00miktex\graphics.cfg"
File: graphics.cfg 2007/01/18 v1.5 graphics configuration of teTeX/TeXLive
)
Package graphics Info: Driver file: pdftex.def on input line 90.

("C:\Program Files\MiKTeX 2.7\tex\latex\graphics\pdftex.def"
File: pdftex.def 2007/06/12 v0.04h Graphics/color for pdfTeX
\Gread@gobject=\count87
))
\Gin@req@height=\dimen103
\Gin@req@width=\dimen104
)
("C:\Program Files\MiKTeX 2.7\tex\latex\tools\multicol.sty"
Package: multicol 2006/05/18 v1.6g multicolumn formatting (FMi)
\c@tracingmulticols=\count88
\mult@box=\box26
\multicol@leftmargin=\dimen105
\c@unbalance=\count89
\c@collectmore=\count90
\doublecol@number=\count91
\multicoltolerance=\count92
\multicolpretolerance=\count93
\full@width=\dimen106
\page@free=\dimen107
\premulticols=\dimen108
\postmulticols=\dimen109
\multicolsep=\skip43
\multicolbaselineskip=\skip44
\partial@page=\box27
\last@line=\box28
\mult@rightbox=\box29
\mult@grightbox=\box30
\mult@gfirstbox=\box31
\mult@firstbox=\box32
\@tempa=\box33
\@tempa=\box34
\@tempa=\box35
\@tempa=\box36
\@tempa=\box37
\@tempa=\box38
\@tempa=\box39
\@tempa=\box40
\@tempa=\box41
\@tempa=\box42
\@tempa=\box43
\@tempa=\box44
\@tempa=\box45
\@tempa=\box46
\@tempa=\box47
\@tempa=\box48
\@tempa=\box49
\c@columnbadness=\count94
\c@finalcolumnbadness=\count95
\last@try=\dimen110
\multicolovershoot=\dimen111
\multicolundershoot=\dimen112
\mult@nat@firstbox=\box50
\colbreak@box=\box51
) (Report2.aux)
LaTeX Font Info:    Checking defaults for OML/cmm/m/it on input line 13.
LaTeX Font Info:    ... okay on input line 13.
LaTeX Font Info:    Checking defaults for T1/cmr/m/n on input line 13.
LaTeX Font Info:    ... okay on input line 13.
LaTeX Font Info:    Checking defaults for OT1/cmr/m/n on input line 13.
LaTeX Font Info:    ... okay on input line 13.
LaTeX Font Info:    Checking defaults for OMS/cmsy/m/n on input line 13.
LaTeX Font Info:    ... okay on input line 13.
LaTeX Font Info:    Checking defaults for OMX/cmex/m/n on input line 13.
LaTeX Font Info:    ... okay on input line 13.
LaTeX Font Info:    Checking defaults for U/cmr/m/n on input line 13.
LaTeX Font Info:    ... okay on input line 13.

("C:\Program Files\MiKTeX 2.7\tex\context\base\supp-pdf.tex"
[Loading MPS to PDF converter (version 2006.09.02).]
\scratchcounter=\count96
\scratchdimen=\dimen113
\scratchbox=\box52
\nofMPsegments=\count97
\nofMParguments=\count98
\MPscratchCnt=\count99
\MPscratchDim=\dimen114
\MPnumerator=\count100
\everyMPtoPDFconversion=\toks15
)
LaTeX Font Info:    External font `cmex10' loaded for size
(Font)              <14.4> on input line 15.
LaTeX Font Info:    External font `cmex10' loaded for size
(Font)              <7> on input line 15.
 [1

<<<<<<< .mine
{psfonts.map}] (Report2.toc)
=======
{C:/Documents and Settings/All Users/Application Data/MiKTeX/2.7/pdftex/config/
pdftex.map}] (Report2.toc)
>>>>>>> .r479
\tf@toc=\write3
 [2]
Underfull \hbox (badness 10000) in paragraph at lines 26--27

 []

LaTeX Font Info:    External font `cmex10' loaded for size
(Font)              <12> on input line 28.
LaTeX Font Info:    External font `cmex10' loaded for size
(Font)              <8> on input line 28.
LaTeX Font Info:    External font `cmex10' loaded for size
(Font)              <6> on input line 28.

Underfull \hbox (badness 10000) in paragraph at lines 36--37

 []

[3] <Pictures/flattetrahedron.png, id=16, 418.66759pt x 314.00069pt>
File: Pictures/flattetrahedron.png Graphic file (type png)

<use Pictures/flattetrahedron.png>
<Pictures/tetrahedron.jpg, id=17, 674.52pt x 505.89pt>
File: Pictures/tetrahedron.jpg Graphic file (type jpg)

<use Pictures/tetrahedron.jpg>
Overfull \hbox (24.30193pt too wide) in paragraph at lines 40--42
[][] [] 
 []


Underfull \hbox (badness 10000) in paragraph at lines 48--49

 []


LaTeX Warning: Citation `Dave' on page 4 undefined on input line 50.


Underfull \hbox (badness 10000) in paragraph at lines 50--51

 []


Underfull \hbox (badness 10000) in paragraph at lines 52--53

 []

[4 <Pictures/flattetrahedron.png (PNG copy)> <Pictures/tetrahedron.jpg>]
Underfull \hbox (badness 10000) in paragraph at lines 54--55

 []

[5]

LaTeX Warning: Reference `HypSphere' on page 6 undefined on input line 75.


LaTeX Warning: Citation `chowluo' on page 6 undefined on input line 75.


Underfull \hbox (badness 10000) in paragraph at lines 75--76

 []


LaTeX Warning: Reference `circExt' on page 6 undefined on input line 77.

<Pictures/righttriangulation.jpg, id=28, 674.52pt x 505.89pt>
File: Pictures/righttriangulation.jpg Graphic file (type jpg)

<use Pictures/righttriangulation.jpg>
<Pictures/badcase2.png, id=29, 418.66759pt x 314.00069pt>
File: Pictures/badcase2.png Graphic file (type png)

<use Pictures/badcase2.png>
Overfull \hbox (24.30193pt too wide) in paragraph at lines 81--83
[][] [] 
 []


Underfull \hbox (badness 10000) in paragraph at lines 90--91

 []

[6]
Underfull \hbox (badness 10000) in paragraph at lines 92--93

 []

<<<<<<< .mine
[7 <Pictures/righttriangulation.jpg> <Pictures/badcase2.png (PNG copy)>]

LaTeX Warning: Citation `Dave' on page 8 undefined on input line 94.


LaTeX Warning: Reference `DT' on page 8 undefined on input line 94.

<Pictures/dual.png, id=37, 418.66759pt x 314.00069pt>
File: Pictures/dual.png Graphic file (type png)
 <use Pictures/dual.png>

LaTeX Warning: Citation `RicciBkgd' on page 8 undefined on input line 106.


LaTeX Warning: Citation `RicciBkgd' on page 8 undefined on input line 106.

[8 <Pictures/dual.png (PNG copy)>]

LaTeX Warning: Citation `chowluo' on page 9 undefined on input line 111.


Underfull \hbox (badness 10000) in paragraph at lines 130--131
=======
[7 <Pictures/righttriangulation.jpg> <Pictures/badcase2.png (PNG copy)>]
>>>>>>> .r479

LaTeX Warning: Citation `Dave' on page 8 undefined on input line 94.

<<<<<<< .mine
[9] [10]

LaTeX Warning: Citation `chowluo' on page 11 undefined on input line 167.


LaTeX Warning: Citation `chowluo' on page 11 undefined on input line 180.


Underfull \hbox (badness 10000) in paragraph at lines 184--185
=======
>>>>>>> .r479

LaTeX Warning: Reference `DT' on page 8 undefined on input line 94.

<<<<<<< .mine
[11]
Underfull \hbox (badness 10000) in paragraph at lines 186--187
=======
<Pictures/dual.png, id=37, 418.66759pt x 314.00069pt>
File: Pictures/dual.png Graphic file (type png)
 <use Pictures/dual.png>
>>>>>>> .r479

LaTeX Warning: Citation `RicciBkgd' on page 8 undefined on input line 106.


LaTeX Warning: Citation `RicciBkgd' on page 8 undefined on input line 106.

[8 <Pictures/dual.png (PNG copy)>]

LaTeX Warning: Citation `chowluo' on page 9 undefined on input line 111.

<<<<<<< .mine
LaTeX Warning: Reference `triUML' on page 12 undefined on input line 204.


Underfull \hbox (badness 10000) in paragraph at lines 204--205
=======
>>>>>>> .r479

Underfull \hbox (badness 10000) in paragraph at lines 130--131

<<<<<<< .mine
[12] <Pictures/triangulationUML.png, id=54, 808.01875pt x 1018.80624pt>
File: Pictures/triangulationUML.png Graphic file (type png)

<use Pictures/triangulationUML.png>
Overfull \hbox (119.40187pt too wide) in paragraph at lines 210--211
 [][] 
 []

File: Pictures/triangulationUML.png Graphic file (type png)
<use Pictures/triangulationUML.png>
Overfull \hbox (119.40187pt too wide) in paragraph at lines 212--215
 [] 
=======
>>>>>>> .r479
 []

[9] [10]

<<<<<<< .mine
LaTeX Warning: Float too large for page by 355.14772pt on input line 218.
=======
LaTeX Warning: Citation `chowluo' on page 11 undefined on input line 167.
>>>>>>> .r479


<<<<<<< .mine
Underfull \hbox (badness 10000) in paragraph at lines 220--221
=======
LaTeX Warning: Citation `chowluo' on page 11 undefined on input line 180.
>>>>>>> .r479


<<<<<<< .mine
=======
Underfull \hbox (badness 10000) in paragraph at lines 184--185
>>>>>>> .r479

LaTeX Warning: Citation `lutzmanifold' on page 13 undefined on input line 223.


LaTeX Warning: Reference `tab:format' on page 13 undefined on input line 229.

[13] [14 <Pictures/triangulationUML.png (PNG copy)>]

LaTeX Warning: Citation `lutzmanifold' on page 15 undefined on input line 263.


LaTeX Warning: Citation `JPM' on page 15 undefined on input line 269.


LaTeX Warning: Reference `tab:ricciSteps' on page 15 undefined on input line 26
9.


Underfull \hbox (badness 10000) in paragraph at lines 269--270

 []

[11]
Underfull \hbox (badness 10000) in paragraph at lines 186--187

<<<<<<< .mine
Overfull \hbox (8.20491pt too wide) in paragraph at lines 290--303
[][] 
=======
>>>>>>> .r479
 []


<<<<<<< .mine
LaTeX Warning: Reference `calcFlowCode' on page 15 undefined on input line 310.


[15] [16]
LaTeX Font Info:    Try loading font information for OMS+cmr on input line 321.

 ("C:\Program Files\MiKTeX 2.6\tex\latex\base\omscmr.fd"
File: omscmr.fd 1999/05/25 v2.5h Standard LaTeX font definitions
)
LaTeX Font Info:    Font shape `OMS/cmr/m/n' in size <12> not available
(Font)              Font shape `OMS/cmsy/m/n' tried instead on input line 321.
=======
Underfull \hbox (badness 10000) in paragraph at lines 188--189
>>>>>>> .r479

<<<<<<< .mine

LaTeX Warning: Reference `fig:flip' on page 17 undefined on input line 324.


LaTeX Warning: Reference `calcFlowCode' on page 17 undefined on input line 324.


<Pictures/Flip.png, id=69, 459.16371pt x 133.32568pt>
File: Pictures/Flip.png Graphic file (type png)
 <use Pictures/Flip.png>
Underfull \hbox (badness 10000) in paragraph at lines 337--338

=======
>>>>>>> .r479
 []

<<<<<<< .mine
[17 <Pictures/Flip.png (PNG copy)>] [18]
Underfull \hbox (badness 10000) in paragraph at lines 359--360
=======
>>>>>>> .r479

LaTeX Warning: Reference `triUML' on page 12 undefined on input line 204.


<<<<<<< .mine
Underfull \hbox (badness 10000) in paragraph at lines 361--362
=======
Underfull \hbox (badness 10000) in paragraph at lines 204--205
>>>>>>> .r479

 []

<<<<<<< .mine
[19]
=======
[12]
>>>>>>> .r479

<<<<<<< .mine
LaTeX Warning: Reference `tab:weightTab' on page 20 undefined on input line 363
.


LaTeX Warning: Reference `fig:t7vh' on page 20 undefined on input line 363.


Underfull \hbox (badness 10000) in paragraph at lines 363--364

 []
=======
LaTeX Warning: File `triangulationUML.png' not found on input line 208.
>>>>>>> .r479


<<<<<<< .mine
Overfull \hbox (2.61108pt too wide) in paragraph at lines 368--433
[]$[]$ [] 
 []


LaTeX Warning: Reference `torusaddv' on page 20 undefined on input line 440.


Underfull \hbox (badness 10000) in paragraph at lines 440--441

 []


Underfull \hbox (badness 10000) in paragraph at lines 442--443

 []

<Pictures/torus22.png, id=80, 418.66759pt x 314.00069pt>
File: Pictures/torus22.png Graphic file (type png)

<use Pictures/torus22.png>
<Pictures/torus2addvertex2.png, id=81, 418.66759pt x 314.00069pt>
File: Pictures/torus2addvertex2.png Graphic file (type png)

<use Pictures/torus2addvertex2.png>
Overfull \hbox (31.27765pt too wide) in paragraph at lines 445--447
[][] [] 
 []


Underfull \hbox (badness 10000) in paragraph at lines 451--452

 []

[20]
Underfull \hbox (badness 10000) in paragraph at lines 453--454

 []


Underfull \hbox (badness 10000) in paragraph at lines 455--456

 []

[21]
Underfull \hbox (badness 10000) in paragraph at lines 457--458

 []


Underfull \hbox (badness 10000) in paragraph at lines 459--460

 []


LaTeX Warning: Citation `lutzmanifold' on page 22 undefined on input line 461.


LaTeX Warning: Citation `lutzmanifold' on page 22 undefined on input line 461.


LaTeX Warning: Reference `dataplots' on page 22 undefined on input line 461.


Underfull \hbox (badness 10000) in paragraph at lines 461--462

 []

[22 <Pictures/torus22.png (PNG copy)> <Pictures/torus2addvertex2.png (PNG copy)
>]

LaTeX Warning: Reference `fig:tt' on page 23 undefined on input line 463.


Underfull \hbox (badness 10000) in paragraph at lines 463--464

 []

<Pictures/tetratouch.png, id=91, 442.34224pt x 211.82587pt>
File: Pictures/tetratouch.png Graphic file (type png)

<use Pictures/tetratouch.png>
Overfull \hbox (52.34116pt too wide) in paragraph at lines 468--469
[][] 
 []


Underfull \hbox (badness 10000) in paragraph at lines 475--476

 []

[23 <Pictures/tetratouch.png (PNG copy)>]
<Pictures/ConvergenceTable.png, id=95, 395.67825pt x 686.565pt>
File: Pictures/ConvergenceTable.png Graphic file (type png)

<use Pictures/ConvergenceTable.png>

LaTeX Warning: Float too large for page by 20.71371pt on input line 482.


Underfull \hbox (badness 10000) in paragraph at lines 484--485

 []


Underfull \hbox (badness 10000) in paragraph at lines 486--487

 []

[24] [25 <Pictures/ConvergenceTable.png (PNG copy)>]
Overfull \hbox (13.27974pt too wide) in paragraph at lines 490--490
[]\OT1/cmr/bx/n/17.28 Spherical and hy-per-bolic com-bi-na-to-rial Ricci
 []

[26]

LaTeX Warning: Citation `chowluo' on page 27 undefined on input line 509.

<Pictures/octosph.png, id=106, 418.66759pt x 314.00069pt>
File: Pictures/octosph.png Graphic file (type png)

<use Pictures/octosph.png>
Underfull \hbox (badness 10000) in paragraph at lines 522--523

 []

[27 <Pictures/octosph.png (PNG copy)>]

LaTeX Warning: Citation `chowluo' on page 28 undefined on input line 532.


LaTeX Warning: Reference `kHat' on page 28 undefined on input line 539.

[28] <Pictures/kHatResult.png, id=114, 467.26292pt x 336.4293pt>
File: Pictures/kHatResult.png Graphic file (type png)

<use Pictures/kHatResult.png>

LaTeX Warning: Reference `SphGood' on page 29 undefined on input line 557.

[29 <Pictures/kHatResult.png (PNG copy)>]

LaTeX Warning: Reference `SphGood' on page 30 undefined on input line 561.


LaTeX Warning: Reference `InitialResults' on page 30 undefined on input line 56
1.

<Pictures/SphG0V10.png, id=118, 418.66759pt x 314.00069pt>
File: Pictures/SphG0V10.png Graphic file (type png)

<use Pictures/SphG0V10.png>

LaTeX Warning: Reference `SRicciN' on page 30 undefined on input line 566.


LaTeX Warning: Reference `SRicciN' on page 30 undefined on input line 566.


LaTeX Warning: Reference `PD' on page 30 undefined on input line 572.


Underfull \hbox (badness 10000) in paragraph at lines 572--573

 []

[30] [31 <Pictures/SphG0V10.png (PNG copy)>]
<Pictures/pDisk.png, id=126, 418.66759pt x 314.00069pt>
File: Pictures/pDisk.png Graphic file (type png)

<use Pictures/pDisk.png>

LaTeX Warning: Reference `SRiccif' on page 32 undefined on input line 607.


LaTeX Warning: Reference `HRiccif' on page 32 undefined on input line 607.


Underfull \hbox (badness 10000) in paragraph at lines 607--608

 []

[32 <Pictures/pDisk.png (PNG copy)>]
Underfull \hbox (badness 10000) in paragraph at lines 609--610

 []


Underfull \hbox (badness 10000) in paragraph at lines 611--612

 []


Underfull \hbox (badness 10000) in paragraph at lines 613--614

 []


Underfull \hbox (badness 10000) in paragraph at lines 615--616

 []


Underfull \hbox (badness 10000) in paragraph at lines 617--618

 []


Underfull \hbox (badness 10000) in paragraph at lines 619--620

 []

[33]
Underfull \hbox (badness 10000) in paragraph at lines 621--622

 []


Underfull \hbox (badness 10000) in paragraph at lines 625--626

 []


Underfull \hbox (badness 10000) in paragraph at lines 627--628

 []


Underfull \hbox (badness 10000) in paragraph at lines 629--630

 []


Underfull \hbox (badness 10000) in paragraph at lines 631--632

 []


LaTeX Warning: Citation `chowluo' on page 34 undefined on input line 633.


Underfull \hbox (badness 10000) in paragraph at lines 633--634

 []

[34]
Underfull \hbox (badness 10000) in paragraph at lines 642--643

 []


LaTeX Warning: Reference `genTri' on page 35 undefined on input line 645.


Underfull \hbox (badness 10000) in paragraph at lines 645--646

 []

[35]
Underfull \hbox (badness 10000) in paragraph at lines 647--648

 []


LaTeX Warning: Citation `Dave' on page 36 undefined on input line 655.

<Pictures/genTri4.png, id=139, 418.66759pt x 314.00069pt>
File: Pictures/genTri4.png Graphic file (type png)

<use Pictures/genTri4.png>
Underfull \hbox (badness 10000) in paragraph at lines 667--668

 []


Underfull \hbox (badness 10000) in paragraph at lines 675--676

 []


LaTeX Warning: Reference `AntiTri' on page 36 undefined on input line 678.


Underfull \hbox (badness 10000) in paragraph at lines 678--679

 []

[36]

LaTeX Warning: Reference `AntiTri' on page 37 undefined on input line 680.


Underfull \hbox (badness 10000) in paragraph at lines 683--684

 []

[37 <Pictures/genTri4.png (PNG copy)>]
Overfull \hbox (4.73062pt too wide) in paragraph at lines 685--686
\OT1/cmr/m/n/12 Our ran-dom tri-an-gu-la-tion gen-er-a-tor be-gins with one tri
-an-gle with edge lengths
 []


Underfull \hbox (badness 10000) in paragraph at lines 685--686

 []

<Pictures/antitri1.png, id=147, 418.66759pt x 314.00069pt>
File: Pictures/antitri1.png Graphic file (type png)

<use Pictures/antitri1.png>
<Pictures/antitri2.png, id=148, 418.66759pt x 314.00069pt>
File: Pictures/antitri2.png Graphic file (type png)

<use Pictures/antitri2.png>
<Pictures/genTri5.png, id=149, 418.66759pt x 314.00069pt>
File: Pictures/genTri5.png Graphic file (type png)

<use Pictures/genTri5.png>

LaTeX Warning: Citation `DrG' on page 38 undefined on input line 711.


Underfull \hbox (badness 10000) in paragraph at lines 711--712

 []

[38 <Pictures/antitri1.png (PNG copy)> <Pictures/antitri2.png (PNG copy)>]

LaTeX Warning: Reference `fig:intcirc' on page 39 undefined on input line 717.

[39 <Pictures/genTri5.png (PNG copy)>]

LaTeX Warning: Citation `chowluo' on page 40 undefined on input line 717.

<Pictures/intcirc2.png, id=156, 418.66759pt x 314.00069pt>
File: Pictures/intcirc2.png Graphic file (type png)

<use Pictures/intcirc2.png>

LaTeX Warning: Reference `SRicciN' on page 40 undefined on input line 728.

[40 <Pictures/intcirc2.png (PNG copy)>] [41] (Report2.bbl)
Overfull \hbox (19.7713pt too wide) in paragraph at lines 767--767
[]\OT1/cmr/bx/n/14.4 Remarks on Runge-Kutta method for solv-ing Eq. (7[]) 
 []


LaTeX Warning: Citation `JPM' on page 42 undefined on input line 770.


LaTeX Warning: Citation `DiffEq' on page 42 undefined on input line 770.


Underfull \hbox (badness 10000) in paragraph at lines 770--771

 []

[42] <Pictures/torus7addvaddhweights2.png, id=166, 413.1435pt x 333.04425pt>
File: Pictures/torus7addvaddhweights2.png Graphic file (type png)

<use Pictures/torus7addvaddhweights2.png>
<Pictures/curvcurves.png, id=167, 523.33449pt x 314.00069pt>
File: Pictures/curvcurves.png Graphic file (type png)

<use Pictures/curvcurves.png>
Overfull \hbox (28.66815pt too wide) in paragraph at lines 787--788
 [] 
 []


LaTeX Warning: Reference `fig:t7vh' on page 43 undefined on input line 788.


LaTeX Warning: Reference `fig:t7vh' on page 43 undefined on input line 788.

<Pictures/Curvg6v12addv.png, id=168, 418.66759pt x 314.00069pt>
File: Pictures/Curvg6v12addv.png Graphic file (type png)

<use Pictures/Curvg6v12addv.png>
<Pictures/Weightg6v12addv.png, id=169, 418.66759pt x 314.00069pt>
File: Pictures/Weightg6v12addv.png Graphic file (type png)

<use Pictures/Weightg6v12addv.png>

LaTeX Warning: Float too large for page by 35.90176pt on input line 798.

[43 <Pictures/torus7addvaddhweights2.png (PNG copy)>] [44 <Pictures/curvcurves.
png (PNG copy)>] [45 <Pictures/Curvg6v12addv.png (PNG copy)> <Pictures/Weightg6
v12addv.png (PNG copy)>]
Overfull \hbox (48.42522pt too wide) in paragraph at lines 893--893
[]  \OT1/cmtt/m/n/12 int p = Triangulation::vertexTable.size(); // The number o
f vertices.[] 
 []


Overfull \hbox (73.12523pt too wide) in paragraph at lines 893--893
[]  \OT1/cmtt/m/n/12 double ta[p],tb[p],tc[p],td[p],z[p]; // Temporary arrays t
o hold data in.[] 
 []


Overfull \hbox (60.77522pt too wide) in paragraph at lines 893--893
[]  \OT1/cmtt/m/n/12 map<int, Vertex>::iterator vBegin = Triangulation::vertexT
able.begin();[] 
 []


Overfull \hbox (36.07521pt too wide) in paragraph at lines 893--893
[]  \OT1/cmtt/m/n/12 map<int, Vertex>::iterator vEnd = Triangulation::vertexTab
le.end();[] 
 []

[46]
Overfull \hbox (11.3752pt too wide) in paragraph at lines 893--893
[]       \OT1/cmtt/m/n/12 for (k=0; k<p; k++) // Adjust z[k] according to algor
ithm.[] 
 []


Overfull \hbox (29.9002pt too wide) in paragraph at lines 893--893
[]      \OT1/cmtt/m/n/12 results << left << "Vertex: " << left << setw(4)<< vit
->first;[] 
 []

[47]
Overfull \hbox (5.2002pt too wide) in paragraph at lines 893--893
[]              \OT1/cmtt/m/n/12 results << left <<  "Step " << setw(7) << (j +
 1);[] 
 []


Overfull \hbox (42.25021pt too wide) in paragraph at lines 893--893
[]              \OT1/cmtt/m/n/12 results << left << setw(12) << curvatures[k][j
] << "\n";[] 
 []


Overfull \hbox (11.3752pt too wide) in paragraph at lines 1007--1007
[]     \OT1/cmtt/m/n/12 //start out by naming every object that is local to the
 flip[] 
 []


Overfull \hbox (23.7252pt too wide) in paragraph at lines 1007--1007
[]     \OT1/cmtt/m/n/12 Face f1 = Triangulation::faceTable[(*(e.getLocalFaces()
))[0]];[] 
 []


Overfull \hbox (23.7252pt too wide) in paragraph at lines 1007--1007
[]     \OT1/cmtt/m/n/12 Face f2 = Triangulation::faceTable[(*(e.getLocalFaces()
))[1]];[] 
 []


Overfull \hbox (73.12523pt too wide) in paragraph at lines 1007--1007
[]     \OT1/cmtt/m/n/12 Vertex va1 = Triangulation::vertexTable[(*(e.getLocalVe
rtices()))[0]];[] 
 []


Overfull \hbox (73.12523pt too wide) in paragraph at lines 1007--1007
[]     \OT1/cmtt/m/n/12 Vertex va2 = Triangulation::vertexTable[(*(e.getLocalVe
rtices()))[1]];[] 
 []


Overfull \hbox (60.77522pt too wide) in paragraph at lines 1007--1007
[]     \OT1/cmtt/m/n/12 diff = listDifference(f1.getLocalVertices(), f2.getLoca
lVertices());[] 
 []


Overfull \hbox (60.77522pt too wide) in paragraph at lines 1007--1007
[]     \OT1/cmtt/m/n/12 diff = listDifference(f2.getLocalVertices(), f1.getLoca
lVertices());[] 
 []


Overfull \hbox (60.77522pt too wide) in paragraph at lines 1007--1007
[]     \OT1/cmtt/m/n/12 sameAs = listIntersection(va1.getLocalEdges(), vb1.getL
ocalEdges());[] 
 []


Overfull \hbox (60.77522pt too wide) in paragraph at lines 1007--1007
[]     \OT1/cmtt/m/n/12 sameAs = listIntersection(va2.getLocalEdges(), vb1.getL
ocalEdges());[] 
 []


Overfull \hbox (60.77522pt too wide) in paragraph at lines 1007--1007
[]     \OT1/cmtt/m/n/12 sameAs = listIntersection(va1.getLocalEdges(), vb2.getL
ocalEdges());[] 
 []

[48]
Overfull \hbox (60.77522pt too wide) in paragraph at lines 1007--1007
[]     \OT1/cmtt/m/n/12 sameAs = listIntersection(va2.getLocalEdges(), vb2.getL
ocalEdges());[] 
 []


Overfull \hbox (54.60022pt too wide) in paragraph at lines 1007--1007
[]     \OT1/cmtt/m/n/12 sameAs = listIntersection(f1.getLocalFaces(), ea1.getLo
calFaces());[] 
 []


Overfull \hbox (54.60022pt too wide) in paragraph at lines 1007--1007
[]     \OT1/cmtt/m/n/12 sameAs = listIntersection(f1.getLocalFaces(), eb1.getLo
calFaces());[] 
 []


Overfull \hbox (54.60022pt too wide) in paragraph at lines 1007--1007
[]     \OT1/cmtt/m/n/12 sameAs = listIntersection(f2.getLocalFaces(), ea2.getLo
calFaces());[] 
 []


Overfull \hbox (54.60022pt too wide) in paragraph at lines 1007--1007
[]     \OT1/cmtt/m/n/12 sameAs = listIntersection(f2.getLocalFaces(), eb2.getLo
calFaces());[] 
 []


Overfull \hbox (97.82524pt too wide) in paragraph at lines 1007--1007
[]     \OT1/cmtt/m/n/12 Triangulation::vertexTable[(va1.getIndex())].removeVert
ex(va2.getIndex());[] 
 []


Overfull \hbox (97.82524pt too wide) in paragraph at lines 1007--1007
[]     \OT1/cmtt/m/n/12 Triangulation::vertexTable[(va2.getIndex())].removeVert
ex(va1.getIndex());[] 
 []


Overfull \hbox (73.12523pt too wide) in paragraph at lines 1007--1007
[]     \OT1/cmtt/m/n/12 Triangulation::vertexTable[(va1.getIndex())].removeEdge
(e.getIndex());[] 
 []


Overfull \hbox (73.12523pt too wide) in paragraph at lines 1007--1007
[]     \OT1/cmtt/m/n/12 Triangulation::vertexTable[(va2.getIndex())].removeEdge
(e.getIndex());[] 
 []


Overfull \hbox (79.30023pt too wide) in paragraph at lines 1007--1007
[]     \OT1/cmtt/m/n/12 Triangulation::vertexTable[(va1.getIndex())].removeFace
(f2.getIndex());[] 
 []


Overfull \hbox (79.30023pt too wide) in paragraph at lines 1007--1007
[]     \OT1/cmtt/m/n/12 Triangulation::vertexTable[(va2.getIndex())].removeFace
(f1.getIndex());[] 
 []


Overfull \hbox (73.12523pt too wide) in paragraph at lines 1007--1007
[]     \OT1/cmtt/m/n/12 Triangulation::edgeTable[(e.getIndex())].removeVertex(v
a1.getIndex());[] 
 []


Overfull \hbox (73.12523pt too wide) in paragraph at lines 1007--1007
[]     \OT1/cmtt/m/n/12 Triangulation::edgeTable[(e.getIndex())].removeVertex(v
a2.getIndex());[] 
 []

[49]
Overfull \hbox (66.95023pt too wide) in paragraph at lines 1007--1007
[]     \OT1/cmtt/m/n/12 Triangulation::edgeTable[(eb1.getIndex())].removeFace(f
1.getIndex());[] 
 []


Overfull \hbox (66.95023pt too wide) in paragraph at lines 1007--1007
[]     \OT1/cmtt/m/n/12 Triangulation::edgeTable[(ea2.getIndex())].removeFace(f
2.getIndex());[] 
 []


Overfull \hbox (79.30023pt too wide) in paragraph at lines 1007--1007
[]     \OT1/cmtt/m/n/12 Triangulation::faceTable[(f1.getIndex())].removeVertex(
va2.getIndex());[] 
 []


Overfull \hbox (79.30023pt too wide) in paragraph at lines 1007--1007
[]     \OT1/cmtt/m/n/12 Triangulation::faceTable[(f2.getIndex())].removeVertex(
va1.getIndex());[] 
 []


Overfull \hbox (66.95023pt too wide) in paragraph at lines 1007--1007
[]     \OT1/cmtt/m/n/12 Triangulation::faceTable[(f1.getIndex())].removeEdge(eb
1.getIndex());[] 
 []


Overfull \hbox (66.95023pt too wide) in paragraph at lines 1007--1007
[]     \OT1/cmtt/m/n/12 Triangulation::faceTable[(f2.getIndex())].removeEdge(ea
2.getIndex());[] 
 []


Overfull \hbox (66.95023pt too wide) in paragraph at lines 1007--1007
[]     \OT1/cmtt/m/n/12 Triangulation::faceTable[(f1.getIndex())].removeFace(fb
1.getIndex());[] 
 []


Overfull \hbox (66.95023pt too wide) in paragraph at lines 1007--1007
[]     \OT1/cmtt/m/n/12 Triangulation::faceTable[(fb1.getIndex())].removeFace(f
1.getIndex());[] 
 []


Overfull \hbox (66.95023pt too wide) in paragraph at lines 1007--1007
[]     \OT1/cmtt/m/n/12 Triangulation::faceTable[(f2.getIndex())].removeFace(fa
2.getIndex());[] 
 []


Overfull \hbox (66.95023pt too wide) in paragraph at lines 1007--1007
[]     \OT1/cmtt/m/n/12 Triangulation::faceTable[(fa2.getIndex())].removeFace(f
2.getIndex());[] 
 []


Overfull \hbox (79.30023pt too wide) in paragraph at lines 1007--1007
[]     \OT1/cmtt/m/n/12 Triangulation::vertexTable[(vb1.getIndex())].addVertex(
vb2.getIndex());[] 
 []


Overfull \hbox (79.30023pt too wide) in paragraph at lines 1007--1007
[]     \OT1/cmtt/m/n/12 Triangulation::vertexTable[(vb2.getIndex())].addVertex(
vb1.getIndex());[] 
 []


Overfull \hbox (54.60022pt too wide) in paragraph at lines 1007--1007
[]     \OT1/cmtt/m/n/12 Triangulation::vertexTable[(vb1.getIndex())].addEdge(e.
getIndex());[] 
 []


Overfull \hbox (54.60022pt too wide) in paragraph at lines 1007--1007
[]     \OT1/cmtt/m/n/12 Triangulation::vertexTable[(vb2.getIndex())].addEdge(e.
getIndex());[] 
 []


Overfull \hbox (60.77522pt too wide) in paragraph at lines 1007--1007
[]     \OT1/cmtt/m/n/12 Triangulation::vertexTable[(vb1.getIndex())].addFace(f2
.getIndex());[] 
 []


Overfull \hbox (60.77522pt too wide) in paragraph at lines 1007--1007
[]     \OT1/cmtt/m/n/12 Triangulation::vertexTable[(vb2.getIndex())].addFace(f1
.getIndex());[] 
 []


Overfull \hbox (54.60022pt too wide) in paragraph at lines 1007--1007
[]     \OT1/cmtt/m/n/12 Triangulation::edgeTable[(e.getIndex())].addVertex(vb1.
getIndex());[] 
 []


Overfull \hbox (54.60022pt too wide) in paragraph at lines 1007--1007
[]     \OT1/cmtt/m/n/12 Triangulation::edgeTable[(e.getIndex())].addVertex(vb2.
getIndex());[] 
 []


Overfull \hbox (17.5502pt too wide) in paragraph at lines 1007--1007
[]             \OT1/cmtt/m/n/12 Triangulation::edgeTable[(*(vb1.getLocalEdges()
))[i]][] 
 []


Overfull \hbox (17.5502pt too wide) in paragraph at lines 1007--1007
[]             \OT1/cmtt/m/n/12 Triangulation::edgeTable[(*(vb2.getLocalEdges()
))[i]][] 
 []


Overfull \hbox (48.42522pt too wide) in paragraph at lines 1007--1007
[]     \OT1/cmtt/m/n/12 Triangulation::edgeTable[(ea2.getIndex())].addFace(f1.g
etIndex());[] 
 []


Overfull \hbox (48.42522pt too wide) in paragraph at lines 1007--1007
[]     \OT1/cmtt/m/n/12 Triangulation::edgeTable[(eb1.getIndex())].addFace(f2.g
etIndex());[] 
 []

[50]
Overfull \hbox (60.77522pt too wide) in paragraph at lines 1007--1007
[]     \OT1/cmtt/m/n/12 Triangulation::faceTable[(f1.getIndex())].addVertex(vb2
.getIndex());[] 
 []


Overfull \hbox (60.77522pt too wide) in paragraph at lines 1007--1007
[]     \OT1/cmtt/m/n/12 Triangulation::faceTable[(f2.getIndex())].addVertex(vb1
.getIndex());[] 
 []


Overfull \hbox (48.42522pt too wide) in paragraph at lines 1007--1007
[]     \OT1/cmtt/m/n/12 Triangulation::faceTable[(f1.getIndex())].addEdge(ea2.g
etIndex());[] 
 []


Overfull \hbox (48.42522pt too wide) in paragraph at lines 1007--1007
[]     \OT1/cmtt/m/n/12 Triangulation::faceTable[(f2.getIndex())].addEdge(eb1.g
etIndex());[] 
 []


Overfull \hbox (48.42522pt too wide) in paragraph at lines 1007--1007
[]     \OT1/cmtt/m/n/12 Triangulation::faceTable[(f1.getIndex())].addFace(fa2.g
etIndex());[] 
 []


Overfull \hbox (48.42522pt too wide) in paragraph at lines 1007--1007
[]     \OT1/cmtt/m/n/12 Triangulation::faceTable[(fa2.getIndex())].addFace(f1.g
etIndex());[] 
 []


Overfull \hbox (48.42522pt too wide) in paragraph at lines 1007--1007
[]     \OT1/cmtt/m/n/12 Triangulation::faceTable[(f2.getIndex())].addFace(fb1.g
etIndex());[] 
 []


Overfull \hbox (48.42522pt too wide) in paragraph at lines 1007--1007
[]     \OT1/cmtt/m/n/12 Triangulation::faceTable[(fb1.getIndex())].addFace(f2.g
etIndex());[] 
 []


Underfull \hbox (badness 10000) in paragraph at lines 1010--1011

 []

[51] (Report2.aux)

LaTeX Warning: There were undefined references.


LaTeX Warning: Label(s) may have changed. Rerun to get cross-references right.

 ) 
Here is how much of TeX's memory you used:
 1261 strings out of 95295
 16130 string characters out of 1184859
 67276 words of memory out of 1063808
 4363 multiletter control sequences out of 60000
 9324 words of font info for 33 fonts, out of 1000000 for 2000
 14 hyphenation exceptions out of 8191
 25i,12n,24p,1842b,283s stack positions out of 5000i,500n,10000p,200000b,32768s
<C:/Program Files/MiKTeX 2.6/fonts/type1/bluesky/cm/cmbx12.pfb><C:/Program Fi
les/MiKTeX 2.6/fonts/type1/bluesky/cm/cmex10.pfb><C:/Program Files/MiKTeX 2.6/f
onts/type1/bluesky/cm/cmmi12.pfb><C:/Program Files/MiKTeX 2.6/fonts/type1/blues
ky/cm/cmmi8.pfb><C:/Program Files/MiKTeX 2.6/fonts/type1/bluesky/cm/cmr12.pfb><
C:/Program Files/MiKTeX 2.6/fonts/type1/bluesky/cm/cmr17.pfb><C:/Program Files/
MiKTeX 2.6/fonts/type1/bluesky/cm/cmr6.pfb><C:/Program Files/MiKTeX 2.6/fonts/t
ype1/bluesky/cm/cmr8.pfb><C:/Program Files/MiKTeX 2.6/fonts/type1/bluesky/cm/cm
sy10.pfb><C:/Program Files/MiKTeX 2.6/fonts/type1/bluesky/cm/cmsy8.pfb><C:/Prog
ram Files/MiKTeX 2.6/fonts/type1/bluesky/cm/cmti12.pfb><C:/Program Files/MiKTeX
 2.6/fonts/type1/bluesky/cm/cmtt12.pfb>
Output written on Report2.pdf (51 pages, 1005753 bytes).
PDF statistics:
 239 PDF objects out of 300000 (max. 8388607)
 0 named destinations out of 300000 (max. 131072)
 121 words of extra memory for PDF output out of 65536 (max. 10000000)

=======
!pdfTeX error:  (file triangulationUML.png): cannot find image file
 ==> Fatal error occurred, no output PDF file produced!
>>>>>>> .r479
