This is pdfeTeXk, Version 3.141592-1.11a-2.1 (Web2c 7.5.2) (format=pdflatex_ml 2004.5.10)  14 AUG 2009 10:06
 %&-line parsing enabled.
 (c:\sw50\TCITeX/web2c/cp8bit.tcx)
**&pdflatex_ml C:/documents/manual/GEOCAM/swp0000.tex
(c:/documents/manual/GEOCAM/swp0000.tex{c:\sw50\TCITeX/pdftex/config/pdftex.cfg
}
LaTeX2e <2003/12/01>
Babel <v3.8a> and hyphenation patterns for american, english, french, german, n
german, loaded.
(c:\sw50\TCITeX/tex/latex/base/book.cls
Document Class: book 2004/02/16 v1.4f Standard LaTeX document class
(c:\sw50\TCITeX/tex/latex/base/bk10.clo
File: bk10.clo 2004/02/16 v1.4f Standard LaTeX file (size option)
)
\c@part=\count79
\c@chapter=\count80
\c@section=\count81
\c@subsection=\count82
\c@subsubsection=\count83
\c@paragraph=\count84
\c@subparagraph=\count85
\c@figure=\count86
\c@table=\count87
\abovecaptionskip=\skip41
\belowcaptionskip=\skip42
\bibindent=\dimen102
)
(c:\sw50\TCITeX/tex/latex/required/graphics/graphicx.sty
Package: graphicx 1999/02/16 v1.0f Enhanced LaTeX Graphics (DPC,SPQR)

(c:\sw50\TCITeX/tex/latex/required/graphics/keyval.sty
Package: keyval 1999/03/16 v1.13 key=value parser (DPC)
\KV@toks@=\toks14
)
(c:\sw50\TCITeX/tex/latex/required/graphics/graphics.sty
Package: graphics 2001/07/07 v1.0n Standard LaTeX Graphics (DPC,SPQR)

(c:\sw50\TCITeX/tex/latex/required/graphics/trig.sty
Package: trig 1999/03/16 v1.09 sin cos tan (DPC)
)
(c:\sw50\TCITeX/tex/latex/required/graphics/graphics.cfg
File: graphics.cfg 
)
Package graphics Info: Driver file: pdftex.def on input line 80.

(c:\sw50\TCITeX/tex/latex/required/graphics/pdftex.def
File: pdftex.def 2002/06/19 v0.03k graphics/color for pdftex
\Gread@gobject=\count88
))
\Gin@req@height=\dimen103
\Gin@req@width=\dimen104
)
(c:\sw50\TCITeX/tex/latex/base/makeidx.sty
Package: makeidx 2000/03/29 v1.0m Standard LaTeX package
)
(c:\sw50\TCITeX/tex/latex/packages/amsfonts/amssymb.sty
Package: amssymb 1996/11/03 v2.2b

(c:\sw50\TCITeX/tex/latex/packages/amsfonts/amsfonts.sty
Package: amsfonts 1997/09/17 v2.2e
\@emptytoks=\toks15
\symAMSa=\mathgroup4
\symAMSb=\mathgroup5
LaTeX Font Info:    Overwriting math alphabet `\mathfrak' in version `bold'
(Font)                  U/euf/m/n --> U/euf/b/n on input line 133.
))
(c:\sw50\TCITeX/tex/latex/eurosym/eurosym.sty
Package: eurosym 1998/08/06 v1.1 European currency symbol ``Euro''
\@eurobox=\box26
)
(c:\sw50\TCITeX/tex/latex/amsmath/amsmath.sty
Package: amsmath 2000/07/18 v2.13 AMS math features
\@mathmargin=\skip43

For additional information on amsmath, use the `?' option.
(c:\sw50\TCITeX/tex/latex/amsmath/amstext.sty
Package: amstext 2000/06/29 v2.01

(c:\sw50\TCITeX/tex/latex/amsmath/amsgen.sty
File: amsgen.sty 1999/11/30 v2.0
\@emptytoks=\toks16
\ex@=\dimen105
))
(c:\sw50\TCITeX/tex/latex/amsmath/amsbsy.sty
Package: amsbsy 1999/11/29 v1.2d
\pmbraise@=\dimen106
)
(c:\sw50\TCITeX/tex/latex/amsmath/amsopn.sty
Package: amsopn 1999/12/14 v2.01 operator names
)
\inf@bad=\count89
LaTeX Info: Redefining \frac on input line 211.
\uproot@=\count90
\leftroot@=\count91
LaTeX Info: Redefining \overline on input line 307.
\classnum@=\count92
\DOTSCASE@=\count93
LaTeX Info: Redefining \ldots on input line 379.
LaTeX Info: Redefining \dots on input line 382.
LaTeX Info: Redefining \cdots on input line 467.
\Mathstrutbox@=\box27
\strutbox@=\box28
\big@size=\dimen107
LaTeX Font Info:    Redeclaring font encoding OML on input line 567.
LaTeX Font Info:    Redeclaring font encoding OMS on input line 568.
\macc@depth=\count94
\c@MaxMatrixCols=\count95
\dotsspace@=\muskip10
\c@parentequation=\count96
\dspbrk@lvl=\count97
\tag@help=\toks17
\row@=\count98
\column@=\count99
\maxfields@=\count100
\andhelp@=\toks18
\eqnshift@=\dimen108
\alignsep@=\dimen109
\tagshift@=\dimen110
\tagwidth@=\dimen111
\totwidth@=\dimen112
\lineht@=\dimen113
\@envbody=\toks19
\multlinegap=\skip44
\multlinetaggap=\skip45
\mathdisplay@stack=\toks20
LaTeX Info: Redefining \[ on input line 2666.
LaTeX Info: Redefining \] on input line 2667.
)
\c@theorem=\count101

(c:\sw50\TCITeX/tex/latex/SWmacros/tcilatex.tex
TCILATEX Macros for Scientific Word 5.0 <13 Feb 2003>.
NOTICE: This macro file is NOT proprietary and may be freely copied and distrib
uted.
\msipdfoutput=\count102
\@hour=\count103
\@minute=\count104
\GRAPHICSTYPE=\count105
\@msidraft=\count106
\dispkind=\count107
\theight=\dimen114
LaTeX Info: Redefining \rm on input line 645.
LaTeX Info: Redefining \sf on input line 646.
LaTeX Info: Redefining \tt on input line 647.
LaTeX Info: Redefining \bf on input line 648.
LaTeX Info: Redefining \it on input line 649.
LaTeX Info: Redefining \sl on input line 650.
LaTeX Info: Redefining \sc on input line 651.
\c@equationnumber=\count108
) (./swp0000.aux

LaTeX Warning: Label `f0' multiply defined.


LaTeX Warning: Label `f0' multiply defined.


LaTeX Warning: Label `f0' multiply defined.


LaTeX Warning: Label `f0' multiply defined.


LaTeX Warning: Label `f0' multiply defined.


LaTeX Warning: Label `f0' multiply defined.


LaTeX Warning: Label `f0' multiply defined.


LaTeX Warning: Label `f0' multiply defined.


LaTeX Warning: Label `f0' multiply defined.


LaTeX Warning: Label `f0' multiply defined.


LaTeX Warning: Label `f0' multiply defined.


LaTeX Warning: Label `f0' multiply defined.


LaTeX Warning: Label `f0' multiply defined.

)
\openout1 = `swp0000.aux'.

LaTeX Font Info:    Checking defaults for OML/cmm/m/it on input line 46.
LaTeX Font Info:    ... okay on input line 46.
LaTeX Font Info:    Checking defaults for T1/cmr/m/n on input line 46.
LaTeX Font Info:    ... okay on input line 46.
LaTeX Font Info:    Checking defaults for OT1/cmr/m/n on input line 46.
LaTeX Font Info:    ... okay on input line 46.
LaTeX Font Info:    Checking defaults for OMS/cmsy/m/n on input line 46.
LaTeX Font Info:    ... okay on input line 46.
LaTeX Font Info:    Checking defaults for OMX/cmex/m/n on input line 46.
LaTeX Font Info:    ... okay on input line 46.
LaTeX Font Info:    Checking defaults for U/cmr/m/n on input line 46.
LaTeX Font Info:    ... okay on input line 46.
LaTeX Font Info:    Try loading font information for U+msa on input line 54.
 (c:\sw50\TCITeX/tex/latex/packages/amsfonts/umsa.fd
File: umsa.fd 1995/01/05 v2.2e AMS font definitions
)
LaTeX Font Info:    Try loading font information for U+msb on input line 54.

(c:\sw50\TCITeX/tex/latex/packages/amsfonts/umsb.fd
File: umsb.fd 1995/01/05 v2.2e AMS font definitions
) [1



{c:\sw50\TCITeX/pdftex/config/TrueTeX.map}{c:\sw50\TCITeX/pdftex/config/WinFont
s.map}{c:\sw50\TCITeX/pdftex/config/msi.map}] [2

] (./swp0000.toc
LaTeX Font Info:    Try loading font information for T1+cmtt on input line 4.

(c:\sw50\TCITeX/tex/latex/base/t1cmtt.fd
File: t1cmtt.fd 1999/05/25 v2.5h Standard LaTeX font definitions
))
\tf@toc=\write3
\openout3 = `swp0000.toc'.

 [3] [4

] [5] [6

] [1

] [2]
(./introduction.tex
Chapter 1.
) (./cplusplus.tex [3

] [4

]
Chapter 2.
(./Building_and_modifying_a_memoized_geometry.tex
LaTeX Font Info:    Try loading font information for OMS+cmr on input line 23.

(c:\sw50\TCITeX/tex/latex/base/omscmr.fd
File: omscmr.fd 1999/05/25 v2.5h Standard LaTeX font definitions
)
LaTeX Font Info:    Font shape `OMS/cmr/m/n' in size <10> not available
(Font)              Font shape `OMS/cmsy/m/n' tried instead on input line 23.
 [5]

LaTeX Font Warning: Font shape `T1/cmtt/bx/n' undefined
(Font)              using `T1/cmtt/m/n' instead on input line 89.

[6]
Underfull \vbox (badness 10000) has occurred while \output is active []

 [7]
Overfull \hbox (17.16156pt too wide) in paragraph at lines 254--254
[]/dctt10/#define map<TriPosition, quantity*, TriPositionCompare> quantityIndex
[] 
 []

[8]
Overfull \hbox (1.4154pt too wide) in paragraph at lines 254--254
[]/dctt10/{\small   for(iter = Index->begin(); iter != Index->end(); iter++)[] 

 []

[9] [10]
Overfull \hbox (95.89233pt too wide) in paragraph at lines 473--473
[]/dctt10/typedef map<TriPosition, DualAreaSegment*, TriPositionCompare> DualAr
eaSegmentIndex;[] 
 []

[11]
Overfull \hbox (90.64362pt too wide) in paragraph at lines 473--473
[]  /dctt10/StdTetra st = labelTetra( t, e );  // We use the topological tools 
in miscmath to[] 
 []


Overfull \hbox (101.14105pt too wide) in paragraph at lines 473--473
[]                                     /dctt10/// label the tetrahedron with re
spect to edge e.[] 
 []


Overfull \hbox (111.63849pt too wide) in paragraph at lines 473--473
[]  /dctt10/hij_k = EdgeHeight::At( e, fa123 );  // Here we use the calculated 
topological values[] 
 []


Overfull \hbox (111.63849pt too wide) in paragraph at lines 473--473
[]  /dctt10/hij_l = EdgeHeight::At( e, fa124 );  // to look up the edge and fac
e heights required[] 
 []


Overfull \hbox (17.16156pt too wide) in paragraph at lines 473--473
[]  /dctt10/hijk_l = FaceHeight::At( fa123, t ); // to calculate the dual area.
[] 
 []


Overfull \hbox (48.65387pt too wide) in paragraph at lines 473--473
[]  /dctt10/hij_k->addDependent(this);  // Here we notify the quantities we ref
erence[] 
 []


Overfull \hbox (43.40515pt too wide) in paragraph at lines 473--473
[]  /dctt10/hij_l->addDependent(this);  // that we wish to observe them (this i
s the[] 
 []


Overfull \hbox (38.15643pt too wide) in paragraph at lines 473--473
[]  /dctt10/hijk_l->addDependent(this); // where an important part of our obser
ver-[] 
 []


Overfull \hbox (48.65387pt too wide) in paragraph at lines 473--473
[]/dctt10/{\small   hijl_k->addDependent(this); // observable design is impleme
nted).[] 
 []


Overfull \hbox (69.64874pt too wide) in paragraph at lines 473--473
[]/dctt10/DualAreaSegment::~DualAreaSegment(){} // We didn't allocate any memor
y to store[] 
 []

[12]
Overfull \hbox (74.89746pt too wide) in paragraph at lines 473--473
[]                                      /dctt10/// this quantity's data, so the
 destructor[] 
 []


Overfull \hbox (6.66412pt too wide) in paragraph at lines 473--473
[]/dctt10/{\small                                       // can be left blank.[]
 
 []


Overfull \hbox (69.64874pt too wide) in paragraph at lines 473--473
[]  /dctt10/double Hij_k = hij_k->getValue();   // Step 1: We use the quantity 
references[] 
 []


Overfull \hbox (95.89233pt too wide) in paragraph at lines 473--473
[]  /dctt10/double Hijk_l = hijk_l->getValue(); // to obtain correct values for
 the referenced[] 
 []


Overfull \hbox (64.40002pt too wide) in paragraph at lines 473--473
[]  /dctt10/// Step 2: We use a formula to calculate the value of the dual-area
 segment.[] 
 []


Overfull \hbox (1.4154pt too wide) in paragraph at lines 473--473
[]/dctt10/{\small DualAreaSegment* DualAreaSegment::At( Edge& e, Tetra& t ){[] 

 []


Overfull \hbox (27.659pt too wide) in paragraph at lines 473--473
[]/dctt10/{\small   TriPosition T( 2, e.getSerialNumber(), t.getSerialNumber() 
);[] 
 []

[13]
Overfull \hbox (1.4154pt too wide) in paragraph at lines 473--473
[]/dctt10/{\small   for(iter = Index->begin(); iter != Index->end(); iter++)[] 

 []

)) [14] [15

] [16] (./system.tex
Chapter 3.
) (./subsystems.tex [17

] [18

]
Chapter 4.
) (./functions.tex [19] [20

]
Chapter 5.
(./Functions/Aij_kl.tex
Overfull \hbox (20.74342pt too wide) detected at line 52
[] /cmr10/= [] [] /cmmi10/:
 []

[21]
Overfull \hbox (15.2984pt too wide) in paragraph at lines 62--62
[] 
 []


Overfull \hbox (94.14642pt too wide) in paragraph at lines 108--110
[] /dctt10/vk = Triangulation::vertexTable[listDifference(&T_vertices, &e_verti
ces)[0]]; 
 []


Overfull \hbox (94.14642pt too wide) in paragraph at lines 111--113
[] /dctt10/vl = Triangulation::vertexTable[listDifference(&T_vertices, &e_verti
ces)[1]]; 
 []

[22]) (./ApproximatorRun.tex
Overfull \hbox (6.66412pt too wide) in paragraph at lines 27--27
[]/dctt10/{\small int run(double precision, int maxNumSteps, double stepsize)[]
 
 []

[23]
Overfull \hbox (31.61475pt too wide) in paragraph at lines 77--79
[]/dcr10/Local Vari-ables: /dctt10/int numsteps/dcr10/, /dctt10/double stepsize
/dcr10/, /dctt10/double precision/dcr10/,
 []

[24]
Overfull \hbox (22.41028pt too wide) in paragraph at lines 132--132
[]/dctt10/// Create an approximator that uses the Euler method on a Yamabe flow
.[] 
 []


Overfull \hbox (6.66412pt too wide) in paragraph at lines 132--132
[]/dctt10/{\small // Run a Yamabe flow for 300 steps with a stepsize of 0.01.[]
 
 []


Overfull \hbox (32.90771pt too wide) in paragraph at lines 132--132
[]/dctt10/{\small // Run with a precision bound of 0.000001 and a stepsize of 0
.01[] 
 []

[25]) (./Functions/Curvature_Partial.tex [26] [27]
Overfull \hbox (8.25864pt too wide) in paragraph at lines 115--119
/dcr10/When called, /dctt10/Curvature_Partial (i, l) /dcr10/re-turns the par-ti
al deriv-a-tive $[]/cmmi10/K[]$/dcr10/.
 []


Overfull \hbox (31.1618pt too wide) in paragraph at lines 134--136
[] /dctt10/result = pow(V, (-4.0/3.0))*(1.0/3.0)*(3*V*Curvature_Partial(i,j) 
 []


Overfull \hbox (81.64948pt too wide) in paragraph at lines 137--139
[]   /dctt10/-Geometry::curvature(Triangulation::vertexTable[i])*VolSumPartial_
j 
 []


Overfull \hbox (81.64948pt too wide) in paragraph at lines 140--142
[]   /dctt10/-Geometry::curvature(Triangulation::vertexTable[j])*VolSumPartial_
i 
 []


Overfull \hbox (29.1623pt too wide) in paragraph at lines 143--145
[]   /dctt10/+(4.0/3.0)*K*pow(V, -1.0)*VolSumPartial_i*VolSumPartial_j 
 []

[28]) (./Functions/dij.tex [29]
Overfull \hbox (29.1623pt too wide) in paragraph at lines 64--66
[]   /dctt10/listIntersection(vi.getLocalFaces(), vj.getLocalFaces()); 
 []


Overfull \hbox (23.91357pt too wide) in paragraph at lines 75--77
[]   /dctt10/*cos(Geometry::angle(vi, fijk)))/sin(Geometry::angle(vi,
 []

) [30] (./Functions/EHR.tex [31]) (./Functions/EHR_Partial.tex [32]
Overfull \hbox (2.94281pt too wide) in paragraph at lines 21--23
/dcr10/EHR_Partial cal-cu-lates the par-tial deriv-a-tive of the nor-mal-ized E
instein-Hilbert-
 []

[33]) [34] (./Functions/EHR_Second_Partial.tex [35]
Overfull \hbox (29.1127pt too wide) detected at line 103
[]/cmmi10/EHR /cmr10/= /cmmi10/V[] [] :
 []


Overfull \hbox (151.88232pt too wide) in paragraph at lines 131--134
[] /dctt10/double EHRhessian[Triangulation::vertexTable.size()][Triangulation::
vertexTable.size()]; 
 []


Overfull \hbox (7.4473pt too wide) in paragraph at lines 135--137
[] /dctt10/for(int i = 0; i [] Triangulation::vertexTable.size(); ++i) { 
 []


Overfull \hbox (16.94498pt too wide) in paragraph at lines 138--140
[]  /dctt10/for(int j = 0; j [] Triangulation::vertexTable.size(); ++j)
 []

[36]
Overfull \hbox (7.16766pt too wide) in paragraph at lines 143--145
[]    /dctt10/EHRhessian[i][j]=EHR_Second_Partial( i+1 , j+1 ); 
 []

) (./flip.tex [37] [38]
Overfull \hbox (10.48102pt too wide) in paragraph at lines 156--159
/dcr10/func-tion that was pre-vi-ously in Tri-an-gu-la-tion/triangulationmorphs
.cpp 
 []

[39]) (./GeoquantAt.tex [40] [41]
Overfull \hbox (80.14618pt too wide) in paragraph at lines 113--113
[]/dctt10///  Get  the  Radius  quantity  from  the  first  vertex  in  the  tr
iangulation.[] 
 []

) (./Functions/hij_k.tex [42] [43]
Overfull \hbox (3.91846pt too wide) in paragraph at lines 70--72
[]  /dctt10/double result = 0.5*(hij_k(vi,vj,vk)*hijk_l(vi,vj,vk,vl) 
 []

) (./Functions/hijk_l.tex [44]
Overfull \hbox (18.07619pt too wide) detected at line 45
[] /cmr10/= []/cmmi10/;
 []


Overfull \hbox (4.3125pt too wide) in paragraph at lines 45--57
/dcr10/where $[][]$ is the di-he-dral an-gle along edge $[]$ of tetra-he-dron $
[]$.
 []


Overfull \hbox (3.91846pt too wide) in paragraph at lines 71--73
[]  /dctt10/double result = 0.5*(hij_k(vi,vj,vk)*hijk_l(vi,vj,vk,vl) 
 []

[45]) (./Functions/Lij_star.tex [46]
Overfull \hbox (25.91309pt too wide) in paragraph at lines 81--83
[] /dctt10/E = Triangulation::edgeTable[listIntersection(V.getLocalEdges(), 
 []


Overfull \hbox (31.1618pt too wide) in paragraph at lines 86--88
[] /dctt10/// This assumes that there is a unique edge between two vertices. 
 []


Overfull \hbox (15.41565pt too wide) in paragraph at lines 101--103
[] /dctt10/result = Lij_star(E)/(Geometry::length(E))-(2*PI-dihedral_sum) 
 []


Overfull \hbox (30.16205pt too wide) in paragraph at lines 104--106
[]  /dctt10/*(pow(Geometry::radius(V), 2)*pow(Geometry::radius(Vprime),2) 
 []


Overfull \hbox (9.16718pt too wide) in paragraph at lines 107--109
[]  /dctt10/*(1-pow(Geometry::eta(E),2)))/pow(Geometry::length(E),3); 
 []

[47]) (./makeTriangulationFile.tex [48]
Overfull \hbox (8.23157pt too wide) in paragraph at lines 64--70
/dcr10/based on the source we re-trieve this for-mat from, http://www.math.tu-
 []


Overfull \hbox (2.12195pt too wide) in paragraph at lines 80--83
/dcr10/dimensional tri-an-gu-la-tions, and that for three-dimensions, one shoul
d
 []


Overfull \hbox (80.14618pt too wide) in paragraph at lines 106--106
[]  /dctt10/// Convert the tetrahedron written in Lutz format to a file in stan
dard format.[] 
 []


Overfull \hbox (11.91284pt too wide) in paragraph at lines 106--106
[]  /dctt10/makeTriangulationFile("./tetra_lutz.txt", "./tetra_standard.txt");[
] 
 []

[49] [50] [51] [52]) (./NewtonsMethodOptimize.tex [53]
Overfull \hbox (43.40515pt too wide) in paragraph at lines 91--91
[]/dctt10/{\small        double val = 1 - pow(vars[0], 2) / 4 - pow(vars[1], 2)
 / 9;[] 
 []

[54]) (./pause.tex [55]
Overfull \hbox (12.1195pt too wide) in paragraph at lines 80--87
/dcr10/pause is used, the fol-low-ing mes-sage will be printed:``PAUSE...''Pres
sing
 []

[56]) (./print3DResultsStep.tex
Overfull \hbox (116.8872pt too wide) in paragraph at lines 24--24
[]   /dctt10/void print3DResultsStep(char* fileName, vector<double>* radii, vec
tor<double>* curvs)[] 
 []

[57]
Overfull \hbox (9.42572pt too wide) in paragraph at lines 59--66
[]/dcr10/Prints the re-sults of a cur-va-ture flow into the file given by /dctt
10/filename/dcr10/.
 []


Overfull \hbox (27.49539pt too wide) in paragraph at lines 67--75
[]/dcr10/There are sev-eral ways to dis-play the re-sults. The /dctt10/print3DR
esultsStep
 []


Overfull \hbox (127.38464pt too wide) in paragraph at lines 92--92
[]  /dctt10/// Print the results of a curvature flow with Approximator app into
 file "ODEResult.txt"[] 
 []


Overfull \hbox (64.40002pt too wide) in paragraph at lines 92--92
[]  /dctt10/print3DResultsStep("./ODEResults.txt", app->radiiHistory, app->curv
History);[] 
 []

[58]
Overfull \hbox (32.90771pt too wide) in paragraph at lines 137--137
[]/dctt10/{\small        Vertex   5     0.8324396       8.5301529       10.2471
738[] 
 []


Overfull \hbox (43.40515pt too wide) in paragraph at lines 137--137
[]/dctt10/{\small        Step    74     Radius          Curvature        Curv:R
adius[] 
 []


Overfull \hbox (11.91284pt too wide) in paragraph at lines 137--137
[]/dctt10/{\small        -----------------------------------------------------[
] 
 []


Overfull \hbox (32.90771pt too wide) in paragraph at lines 137--137
[]/dctt10/{\small        Vertex   1     0.8883594       9.3071126       10.4767
428[] 
 []


Overfull \hbox (32.90771pt too wide) in paragraph at lines 137--137
[]/dctt10/{\small        Vertex   2     0.8725496       9.0880458       10.4155
064[] 
 []


Overfull \hbox (32.90771pt too wide) in paragraph at lines 137--137
[]/dctt10/{\small        Vertex   3     0.8579899       8.8858872       10.3566
333[] 
 []


Overfull \hbox (32.90771pt too wide) in paragraph at lines 137--137
[]/dctt10/{\small        Vertex   4     0.8448655       8.7033021       10.3014
058[] 
 []


Overfull \hbox (32.90771pt too wide) in paragraph at lines 137--137
[]/dctt10/{\small        Vertex   5     0.8333839       8.5432883       10.2513
233[] 
 []


Overfull \hbox (43.40515pt too wide) in paragraph at lines 137--137
[]/dctt10/{\small        Step    75     Radius          Curvature        Curv:R
adius[] 
 []


Overfull \hbox (11.91284pt too wide) in paragraph at lines 137--137
[]/dctt10/{\small        -----------------------------------------------------[
] 
 []


Overfull \hbox (32.90771pt too wide) in paragraph at lines 137--137
[]/dctt10/{\small        Vertex   1     0.8873282       9.2928034       10.4727
922[] 
 []

[59]) (./printResultsNum.tex
Overfull \hbox (127.38464pt too wide) in paragraph at lines 17--17
[]        /dctt10/void printResultsNum(char* fileName, vector<double>* radii, v
ector<double>* curvs)[] 
 []

[60]
Overfull \hbox (59.1513pt too wide) in paragraph at lines 73--73
[]    /dctt10/printResultsNum("./ODEResults.txt", app->radiiHistory, app->curvH
istory);[] 
 []

[61]) (./printResultsNumSteps.tex
Overfull \hbox (127.38464pt too wide) in paragraph at lines 24--24
[]   /dctt10/void printResultsNumSteps(char* fileName, vector<double>* radii, v
ector<double>* curvs)[] 
 []

[62]
Overfull \hbox (9.42572pt too wide) in paragraph at lines 61--68
[]/dcr10/Prints the re-sults of a cur-va-ture flow into the file given by /dctt
10/filename/dcr10/.
 []


Overfull \hbox (4.55655pt too wide) in paragraph at lines 61--68
/dcr10/Ap-prox-i-ma-tor class af-ter the flow is run. The /dctt10/printResultsN
umSteps
 []


Overfull \hbox (37.99283pt too wide) in paragraph at lines 69--75
[]/dcr10/There are sev-eral ways to dis-play the re-sults. The /dctt10/printRes
ultsNumSteps
 []

[63]
Overfull \hbox (127.38464pt too wide) in paragraph at lines 92--92
[]  /dctt10/// Print the results of a curvature flow with Approximator app into
 file "ODEResult.txt"[] 
 []


Overfull \hbox (74.89746pt too wide) in paragraph at lines 92--92
[]  /dctt10/printResultsNumSteps("./ODEResults.txt", app->radiiHistory, app->cu
rvHistory);[] 
 []


Overfull \hbox (28.61548pt too wide) in paragraph at lines 131--135
[]/dcr10/Unlike the other print func-tions, the pur-pose of /dctt10/printResult
sNumSteps
 []

[64]) (./printResultsStep.tex
Overfull \hbox (106.38977pt too wide) in paragraph at lines 24--24
[]   /dctt10/void printResultsStep(char* fileName, vector<double>* radii, vecto
r<double>* curvs)[] 
 []

[65]
Overfull \hbox (9.42572pt too wide) in paragraph at lines 59--66
[]/dcr10/Prints the re-sults of a cur-va-ture flow into the file given by /dctt
10/filename/dcr10/.
 []


Overfull \hbox (16.99796pt too wide) in paragraph at lines 67--72
[]/dcr10/There are sev-eral ways to dis-play the re-sults. The /dctt10/printRes
ultsStep
 []


Overfull \hbox (127.38464pt too wide) in paragraph at lines 89--89
[]  /dctt10/// Print the results of a curvature flow with Approximator app into
 file "ODEResult.txt"[] 
 []


Overfull \hbox (53.90259pt too wide) in paragraph at lines 89--89
[]  /dctt10/printResultsStep("./ODEResults.txt", app->radiiHistory, app->curvHi
story);[] 
 []

[66]
Overfull \hbox (11.91284pt too wide) in paragraph at lines 132--132
[]/dctt10/{\small        -----------------------------------------------------[
] 
 []


Overfull \hbox (11.91284pt too wide) in paragraph at lines 132--132
[]/dctt10/{\small        -----------------------------------------------------[
] 
 []

[67]) (./printResultsVertex.tex
Overfull \hbox (116.8872pt too wide) in paragraph at lines 24--24
[]   /dctt10/void printResultsVertex(char* fileName, vector<double>* radii, vec
tor<double>* curvs)[] 
 []


Overfull \hbox (9.42572pt too wide) in paragraph at lines 60--67
[]/dcr10/Prints the re-sults of a cur-va-ture flow into the file given by /dctt
10/filename/dcr10/.
 []

[68]
Overfull \hbox (27.49539pt too wide) in paragraph at lines 68--73
[]/dcr10/There are sev-eral ways to dis-play the re-sults. The /dctt10/printRes
ultsVertex
 []


Overfull \hbox (127.38464pt too wide) in paragraph at lines 90--90
[]  /dctt10/// Print the results of a curvature flow with Approximator app into
 file "ODEResult.txt"[] 
 []


Overfull \hbox (64.40002pt too wide) in paragraph at lines 90--90
[]  /dctt10/printResultsVertex("./ODEResults.txt", app->radiiHistory, app->curv
History);[] 
 []

[69]) (./Functions/Total_Volume.tex [70] [71]
Overfull \hbox (24.91333pt too wide) in paragraph at lines 77--79
[]  /dctt10/result = (Total_Curvature ())/pow(Total_Volume (), 1.0/3.0); 
 []

) (./Functions/Volume_Partial.tex
Overfull \hbox (3.30383pt too wide) in paragraph at lines 13--15
/dcr10/Volume, tetra-he-dron, ver-tex, ra-dius, Cayley-Menger de-ter-mi-nant, s
tan-dard form. 
 []

[72] [73]) (./Functions/Volume_Second_Partial.tex [74] [75]
Overfull \hbox (9.29312pt too wide) in paragraph at lines 93--98
/dcr10/sec-ond or-der par-tial deriv-a-tives of vol-ume.  See the en-try on /dc
tt10/EHR_Second_Partial/dcr10/. 
 []

)) [76] (./classes.tex [77] [78

]
Chapter 6.
(./Approximator.tex [79] [80]
Overfull \hbox (22.39546pt too wide) in paragraph at lines 127--132
/dcr10/the pen-ta-choron us-ing pre-ci-sion and ac-cu-racy bounds (see []Functi
ons#run
 []


Overfull \hbox (85.3949pt too wide) in paragraph at lines 228--228
[]   /dctt10/char from[] = "./Triangulation Files/3D Manifolds/Lutz Format/pent
achoron.txt";[] 
 []


Overfull \hbox (22.41028pt too wide) in paragraph at lines 228--228
[]/dctt10/{\small    char to[] = "./Triangulation Files/manifold converted.txt"
;[] 
 []

[81]
Overfull \hbox (64.40002pt too wide) in paragraph at lines 228--228
[]      /dctt10/Radius::At(Triangulation::vertexTable[i])->setValue(1 + (0.5 - 
i/5.0) );[] 
 []


Overfull \hbox (6.66412pt too wide) in paragraph at lines 228--228
[]/dctt10/{\small        Eta::At(Triangulation::edgeTable[i])->setValue(1.0);[]
 
 []


Overfull \hbox (111.63849pt too wide) in paragraph at lines 228--228
[]   /dctt10/// Construct an Approximator object that uses the Euler method and
 Yamabe flow while[] 
 []


Overfull \hbox (43.40515pt too wide) in paragraph at lines 228--228
[]/dctt10/{\small    Approximator *app = new EulerApprox((sysdiffeq) Yamabe, "r
3v");[] 
 []


Overfull \hbox (132.63336pt too wide) in paragraph at lines 228--228
[]   /dctt10/// Run the Yamabe flow with precision and accuracy bounds of 0.000
1 and stepsize of 0.01[] 
 []

[82]
Overfull \hbox (195.61798pt too wide) in paragraph at lines 228--228
[]   /dctt10/printResultsStep("./Triangulation Files/ODE Result.txt", &(app->ra
diiHistory), &(app->curvHistory));[] 
 []


Overfull \hbox (90.64362pt too wide) in paragraph at lines 228--228
[]   /dctt10/printResultsVolumes("./Triangulation Files/Volumes.txt", &(app->vo
lumeHistory));[] 
 []

) (./NewtonsMethod.tex [83]
Overfull \hbox (6.66412pt too wide) in paragraph at lines 104--104
[]/dctt10/{\small     typedef void   (*gradient)(double vars[], double sol[])[]
 
 []


Overfull \hbox (6.66412pt too wide) in paragraph at lines 104--104
[]/dctt10/{\small     typedef void   (*hessian)(double vars[], double *sol[])[]
 
 []


Overfull \hbox (27.659pt too wide) in paragraph at lines 104--104
[]/dctt10/{\small     NewtonsMethod(orig_function func, gradient df, int numVar
s)[] 
 []


Overfull \hbox (53.90259pt too wide) in paragraph at lines 104--104
[]    /dctt10/NewtonsMethod(orig_function func, gradient df, hessian d2f, int n
umVars)[] 
 []

[84]
Overfull \hbox (43.40515pt too wide) in paragraph at lines 158--158
[]/dctt10/{\small        double val = 1 - pow(vars[0], 2) / 4 - pow(vars[1], 2)
 / 9;[] 
 []


Overfull \hbox (6.66412pt too wide) in paragraph at lines 158--158
[]/dctt10/{\small     printf("\nSolution: %.10f, %.10f\n", soln[0], soln[1]);[]
 
 []

[85]
Overfull \hbox (43.40515pt too wide) in paragraph at lines 222--222
[]/dctt10/{\small        double val = 1 - pow(vars[0], 2) / 4 - pow(vars[1], 2)
 / 9;[] 
 []


Overfull \hbox (22.41028pt too wide) in paragraph at lines 222--222
[]    /dctt10/// Continue with the procedure until the length of the gradient i
s[] 
 []


Overfull \hbox (6.66412pt too wide) in paragraph at lines 222--222
[]/dctt10/{\small         fprintf(stdout, "x_n_%d[%d] = %f\n", i, j, x_n[j]);[]
 
 []

[86] [87]
Overfull \hbox (48.65387pt too wide) in paragraph at lines 293--293
[]    /dctt10/NewtonsMethod *nm = new NewtonsMethod(gaussian, gradFunc, hessFun
c, 1);[] 
 []

[88])) [89] [90

] [91] [92] (./glossary.tex
Chapter 7.

Overfull \hbox (9.91757pt too wide) in paragraph at lines 35--41
[]/dcr10/A sim-plex is called /dcti10/dec-
 []

[93

] [94] [95]) [96]
Appendix A.
[97

] [98

] [99

] (./swp0000.aux)

LaTeX Font Warning: Size substitutions with differences
(Font)              up to 3.0pt have occurred.


LaTeX Font Warning: Some font shapes were not available, defaults substituted.


LaTeX Warning: There were multiply-defined labels.

 ) 
Here is how much of TeX's memory you used:
 2007 strings out of 95282
 23063 string characters out of 1187734
 72702 words of memory out of 1522852
 4905 multiletter control sequences out of 10000+50000
 33878 words of font info for 90 fonts, out of 1000000 for 2000
 22 hyphenation exceptions out of 1000
 28i,17n,25p,283b,346s stack positions out of 5000i,500n,6000p,200000b,40000s
 378 PDF objects out of 300000
 0 named destinations out of 131072
 1 words of extra memory for PDF output out of 65536
{c:\sw50\TCITeX/fonts/type1/dcti10.enc}<c:\sw50\TCITeX/fonts/truetype/dcti10.
ttf>{c:\sw50\TCITeX/fonts/type1/msbm10.enc}<c:\sw50\TCITeX/fonts/truetype/msbm1
0.ttf>{c:\sw50\TCITeX/fonts/type1/cmr5.enc}<c:\sw50\TCITeX/fonts/truetype/cmr5.
ttf>{c:\sw50\TCITeX/fonts/type1/cmmi5.enc}<c:\sw50\TCITeX/fonts/truetype/cmmi5.
ttf>{c:\sw50\TCITeX/fonts/type1/cmr7.enc}<c:\sw50\TCITeX/fonts/truetype/cmr7.tt
f>{c:\sw50\TCITeX/fonts/type1/cmsy7.enc}<c:\sw50\TCITeX/fonts/truetype/cmsy7.tt
f>{c:\sw50\TCITeX/fonts/type1/cmmi10.enc}<c:\sw50\TCITeX/fonts/truetype/cmmi10.
ttf>{c:\sw50\TCITeX/fonts/type1/cmex10.enc}<c:\sw50\TCITeX/fonts/truetype/cmex1
0.ttf>{c:\sw50\TCITeX/fonts/type1/cmmi7.enc}<c:\sw50\TCITeX/fonts/truetype/cmmi
7.ttf>{c:\sw50\TCITeX/fonts/type1/cmr10.enc}<c:\sw50\TCITeX/fonts/truetype/cmr1
0.ttf>{c:\sw50\TCITeX/fonts/type1/cmsy10.enc}<c:\sw50\TCITeX/fonts/truetype/cms
y10.ttf>{c:\sw50\TCITeX/fonts/type1/dcsl10.enc}<c:\sw50\TCITeX/fonts/truetype/d
csl10.ttf>{c:\sw50\TCITeX/fonts/type1/dctt10.enc}<c:\sw50\TCITeX/fonts/truetype
/dctt10.ttf>{c:\sw50\TCITeX/fonts/type1/dcbx10.enc}<c:\sw50\TCITeX/fonts/truety
pe/dcbx10.ttf>{c:\sw50\TCITeX/fonts/type1/dcr10.enc}<c:\sw50\TCITeX/fonts/truet
ype/dcr10.ttf>
Output written on swp0000.pdf (105 pages, 277825 bytes).
